execve("/usr/bin/gcc", ["gcc", "a.c"], 0x7fffa6ddfbd0 /* 52 vars */) = 0
brk(NULL)                               = 0x1de5000
arch_prctl(0x3001 /* ARCH_??? */, 0x7ffc3623d360) = -1 EINVAL (Invalid argument)
mmap(NULL, 8192, PROT_READ|PROT_WRITE, MAP_PRIVATE|MAP_ANONYMOUS, -1, 0) = 0x7f7e4ae61000
access("/etc/ld.so.preload", R_OK)      = -1 ENOENT (No such file or directory)
openat(AT_FDCWD, "/usr/local/cuda-12.1/lib64/tls/haswell/avx512_1/x86_64/libc.so.6", O_RDONLY|O_CLOEXEC) = -1 ENOENT (No such file or directory)
stat("/usr/local/cuda-12.1/lib64/tls/haswell/avx512_1/x86_64", 0x7ffc3623c5b0) = -1 ENOENT (No such file or directory)
openat(AT_FDCWD, "/usr/local/cuda-12.1/lib64/tls/haswell/avx512_1/libc.so.6", O_RDONLY|O_CLOEXEC) = -1 ENOENT (No such file or directory)
stat("/usr/local/cuda-12.1/lib64/tls/haswell/avx512_1", 0x7ffc3623c5b0) = -1 ENOENT (No such file or directory)
openat(AT_FDCWD, "/usr/local/cuda-12.1/lib64/tls/haswell/x86_64/libc.so.6", O_RDONLY|O_CLOEXEC) = -1 ENOENT (No such file or directory)
stat("/usr/local/cuda-12.1/lib64/tls/haswell/x86_64", 0x7ffc3623c5b0) = -1 ENOENT (No such file or directory)
openat(AT_FDCWD, "/usr/local/cuda-12.1/lib64/tls/haswell/libc.so.6", O_RDONLY|O_CLOEXEC) = -1 ENOENT (No such file or directory)
stat("/usr/local/cuda-12.1/lib64/tls/haswell", 0x7ffc3623c5b0) = -1 ENOENT (No such file or directory)
openat(AT_FDCWD, "/usr/local/cuda-12.1/lib64/tls/avx512_1/x86_64/libc.so.6", O_RDONLY|O_CLOEXEC) = -1 ENOENT (No such file or directory)
stat("/usr/local/cuda-12.1/lib64/tls/avx512_1/x86_64", 0x7ffc3623c5b0) = -1 ENOENT (No such file or directory)
openat(AT_FDCWD, "/usr/local/cuda-12.1/lib64/tls/avx512_1/libc.so.6", O_RDONLY|O_CLOEXEC) = -1 ENOENT (No such file or directory)
stat("/usr/local/cuda-12.1/lib64/tls/avx512_1", 0x7ffc3623c5b0) = -1 ENOENT (No such file or directory)
openat(AT_FDCWD, "/usr/local/cuda-12.1/lib64/tls/x86_64/libc.so.6", O_RDONLY|O_CLOEXEC) = -1 ENOENT (No such file or directory)
stat("/usr/local/cuda-12.1/lib64/tls/x86_64", 0x7ffc3623c5b0) = -1 ENOENT (No such file or directory)
openat(AT_FDCWD, "/usr/local/cuda-12.1/lib64/tls/libc.so.6", O_RDONLY|O_CLOEXEC) = -1 ENOENT (No such file or directory)
stat("/usr/local/cuda-12.1/lib64/tls", 0x7ffc3623c5b0) = -1 ENOENT (No such file or directory)
openat(AT_FDCWD, "/usr/local/cuda-12.1/lib64/haswell/avx512_1/x86_64/libc.so.6", O_RDONLY|O_CLOEXEC) = -1 ENOENT (No such file or directory)
stat("/usr/local/cuda-12.1/lib64/haswell/avx512_1/x86_64", 0x7ffc3623c5b0) = -1 ENOENT (No such file or directory)
openat(AT_FDCWD, "/usr/local/cuda-12.1/lib64/haswell/avx512_1/libc.so.6", O_RDONLY|O_CLOEXEC) = -1 ENOENT (No such file or directory)
stat("/usr/local/cuda-12.1/lib64/haswell/avx512_1", 0x7ffc3623c5b0) = -1 ENOENT (No such file or directory)
openat(AT_FDCWD, "/usr/local/cuda-12.1/lib64/haswell/x86_64/libc.so.6", O_RDONLY|O_CLOEXEC) = -1 ENOENT (No such file or directory)
stat("/usr/local/cuda-12.1/lib64/haswell/x86_64", 0x7ffc3623c5b0) = -1 ENOENT (No such file or directory)
openat(AT_FDCWD, "/usr/local/cuda-12.1/lib64/haswell/libc.so.6", O_RDONLY|O_CLOEXEC) = -1 ENOENT (No such file or directory)
stat("/usr/local/cuda-12.1/lib64/haswell", 0x7ffc3623c5b0) = -1 ENOENT (No such file or directory)
openat(AT_FDCWD, "/usr/local/cuda-12.1/lib64/avx512_1/x86_64/libc.so.6", O_RDONLY|O_CLOEXEC) = -1 ENOENT (No such file or directory)
stat("/usr/local/cuda-12.1/lib64/avx512_1/x86_64", 0x7ffc3623c5b0) = -1 ENOENT (No such file or directory)
openat(AT_FDCWD, "/usr/local/cuda-12.1/lib64/avx512_1/libc.so.6", O_RDONLY|O_CLOEXEC) = -1 ENOENT (No such file or directory)
stat("/usr/local/cuda-12.1/lib64/avx512_1", 0x7ffc3623c5b0) = -1 ENOENT (No such file or directory)
openat(AT_FDCWD, "/usr/local/cuda-12.1/lib64/x86_64/libc.so.6", O_RDONLY|O_CLOEXEC) = -1 ENOENT (No such file or directory)
stat("/usr/local/cuda-12.1/lib64/x86_64", 0x7ffc3623c5b0) = -1 ENOENT (No such file or directory)
openat(AT_FDCWD, "/usr/local/cuda-12.1/lib64/libc.so.6", O_RDONLY|O_CLOEXEC) = -1 ENOENT (No such file or directory)
stat("/usr/local/cuda-12.1/lib64", {st_mode=S_IFDIR|0755, st_size=12288, ...}) = 0
openat(AT_FDCWD, "tls/haswell/avx512_1/x86_64/libc.so.6", O_RDONLY|O_CLOEXEC) = -1 ENOENT (No such file or directory)
openat(AT_FDCWD, "tls/haswell/avx512_1/libc.so.6", O_RDONLY|O_CLOEXEC) = -1 ENOENT (No such file or directory)
openat(AT_FDCWD, "tls/haswell/x86_64/libc.so.6", O_RDONLY|O_CLOEXEC) = -1 ENOENT (No such file or directory)
openat(AT_FDCWD, "tls/haswell/libc.so.6", O_RDONLY|O_CLOEXEC) = -1 ENOENT (No such file or directory)
openat(AT_FDCWD, "tls/avx512_1/x86_64/libc.so.6", O_RDONLY|O_CLOEXEC) = -1 ENOENT (No such file or directory)
openat(AT_FDCWD, "tls/avx512_1/libc.so.6", O_RDONLY|O_CLOEXEC) = -1 ENOENT (No such file or directory)
openat(AT_FDCWD, "tls/x86_64/libc.so.6", O_RDONLY|O_CLOEXEC) = -1 ENOENT (No such file or directory)
openat(AT_FDCWD, "tls/libc.so.6", O_RDONLY|O_CLOEXEC) = -1 ENOENT (No such file or directory)
openat(AT_FDCWD, "haswell/avx512_1/x86_64/libc.so.6", O_RDONLY|O_CLOEXEC) = -1 ENOENT (No such file or directory)
openat(AT_FDCWD, "haswell/avx512_1/libc.so.6", O_RDONLY|O_CLOEXEC) = -1 ENOENT (No such file or directory)
openat(AT_FDCWD, "haswell/x86_64/libc.so.6", O_RDONLY|O_CLOEXEC) = -1 ENOENT (No such file or directory)
openat(AT_FDCWD, "haswell/libc.so.6", O_RDONLY|O_CLOEXEC) = -1 ENOENT (No such file or directory)
openat(AT_FDCWD, "avx512_1/x86_64/libc.so.6", O_RDONLY|O_CLOEXEC) = -1 ENOENT (No such file or directory)
openat(AT_FDCWD, "avx512_1/libc.so.6", O_RDONLY|O_CLOEXEC) = -1 ENOENT (No such file or directory)
openat(AT_FDCWD, "x86_64/libc.so.6", O_RDONLY|O_CLOEXEC) = -1 ENOENT (No such file or directory)
openat(AT_FDCWD, "libc.so.6", O_RDONLY|O_CLOEXEC) = -1 ENOENT (No such file or directory)
openat(AT_FDCWD, "/etc/ld.so.cache", O_RDONLY|O_CLOEXEC) = 3
fstat(3, {st_mode=S_IFREG|0644, st_size=132719, ...}) = 0
mmap(NULL, 132719, PROT_READ, MAP_PRIVATE, 3, 0) = 0x7f7e4ae40000
close(3)                                = 0
openat(AT_FDCWD, "/lib/x86_64-linux-gnu/libc.so.6", O_RDONLY|O_CLOEXEC) = 3
read(3, "\177ELF\2\1\1\3\0\0\0\0\0\0\0\0\3\0>\0\1\0\0\0\300A\2\0\0\0\0\0"..., 832) = 832
pread64(3, "\6\0\0\0\4\0\0\0@\0\0\0\0\0\0\0@\0\0\0\0\0\0\0@\0\0\0\0\0\0\0"..., 784, 64) = 784
pread64(3, "\4\0\0\0\20\0\0\0\5\0\0\0GNU\0\2\0\0\300\4\0\0\0\3\0\0\0\0\0\0\0", 32, 848) = 32
pread64(3, "\4\0\0\0\24\0\0\0\3\0\0\0GNU\0\30x\346\264ur\f|Q\226\236i\253-'o"..., 68, 880) = 68
fstat(3, {st_mode=S_IFREG|0755, st_size=2029592, ...}) = 0
pread64(3, "\6\0\0\0\4\0\0\0@\0\0\0\0\0\0\0@\0\0\0\0\0\0\0@\0\0\0\0\0\0\0"..., 784, 64) = 784
pread64(3, "\4\0\0\0\20\0\0\0\5\0\0\0GNU\0\2\0\0\300\4\0\0\0\3\0\0\0\0\0\0\0", 32, 848) = 32
pread64(3, "\4\0\0\0\24\0\0\0\3\0\0\0GNU\0\30x\346\264ur\f|Q\226\236i\253-'o"..., 68, 880) = 68
mmap(NULL, 2037344, PROT_READ, MAP_PRIVATE|MAP_DENYWRITE, 3, 0) = 0x7f7e4ac4e000
mmap(0x7f7e4ac70000, 1540096, PROT_READ|PROT_EXEC, MAP_PRIVATE|MAP_FIXED|MAP_DENYWRITE, 3, 0x22000) = 0x7f7e4ac70000
mmap(0x7f7e4ade8000, 319488, PROT_READ, MAP_PRIVATE|MAP_FIXED|MAP_DENYWRITE, 3, 0x19a000) = 0x7f7e4ade8000
mmap(0x7f7e4ae36000, 24576, PROT_READ|PROT_WRITE, MAP_PRIVATE|MAP_FIXED|MAP_DENYWRITE, 3, 0x1e7000) = 0x7f7e4ae36000
mmap(0x7f7e4ae3c000, 13920, PROT_READ|PROT_WRITE, MAP_PRIVATE|MAP_FIXED|MAP_ANONYMOUS, -1, 0) = 0x7f7e4ae3c000
close(3)                                = 0
mmap(NULL, 12288, PROT_READ|PROT_WRITE, MAP_PRIVATE|MAP_ANONYMOUS, -1, 0) = 0x7f7e4ac4b000
arch_prctl(ARCH_SET_FS, 0x7f7e4ac4b740) = 0
mprotect(0x7f7e4ae36000, 16384, PROT_READ) = 0
mprotect(0x517000, 12288, PROT_READ)    = 0
mprotect(0x7f7e4ae90000, 4096, PROT_READ) = 0
munmap(0x7f7e4ae40000, 132719)          = 0
brk(NULL)                               = 0x1de5000
brk(0x1e06000)                          = 0x1e06000
ioctl(2, TCGETS, 0x7ffc3623d1a0)        = -1 ENOTTY (Inappropriate ioctl for device)
brk(0x1e2c000)                          = 0x1e2c000
openat(AT_FDCWD, "/usr/lib/locale/locale-archive", O_RDONLY|O_CLOEXEC) = 3
fstat(3, {st_mode=S_IFREG|0644, st_size=3035952, ...}) = 0
mmap(NULL, 3035952, PROT_READ, MAP_PRIVATE, 3, 0) = 0x7f7e4a965000
close(3)                                = 0
openat(AT_FDCWD, "/usr/share/locale/locale.alias", O_RDONLY|O_CLOEXEC) = 3
fstat(3, {st_mode=S_IFREG|0644, st_size=2996, ...}) = 0
read(3, "# Locale name alias data base.\n#"..., 4096) = 2996
read(3, "", 4096)                       = 0
close(3)                                = 0
openat(AT_FDCWD, "/usr/share/locale/en_US.UTF-8/LC_MESSAGES/gcc-9.mo", O_RDONLY) = -1 ENOENT (No such file or directory)
openat(AT_FDCWD, "/usr/share/locale/en_US.utf8/LC_MESSAGES/gcc-9.mo", O_RDONLY) = -1 ENOENT (No such file or directory)
openat(AT_FDCWD, "/usr/share/locale/en_US/LC_MESSAGES/gcc-9.mo", O_RDONLY) = -1 ENOENT (No such file or directory)
openat(AT_FDCWD, "/usr/share/locale/en.UTF-8/LC_MESSAGES/gcc-9.mo", O_RDONLY) = -1 ENOENT (No such file or directory)
openat(AT_FDCWD, "/usr/share/locale/en.utf8/LC_MESSAGES/gcc-9.mo", O_RDONLY) = -1 ENOENT (No such file or directory)
openat(AT_FDCWD, "/usr/share/locale/en/LC_MESSAGES/gcc-9.mo", O_RDONLY) = -1 ENOENT (No such file or directory)
openat(AT_FDCWD, "/usr/share/locale-langpack/en_US.UTF-8/LC_MESSAGES/gcc-9.mo", O_RDONLY) = -1 ENOENT (No such file or directory)
openat(AT_FDCWD, "/usr/share/locale-langpack/en_US.utf8/LC_MESSAGES/gcc-9.mo", O_RDONLY) = -1 ENOENT (No such file or directory)
openat(AT_FDCWD, "/usr/share/locale-langpack/en_US/LC_MESSAGES/gcc-9.mo", O_RDONLY) = -1 ENOENT (No such file or directory)
openat(AT_FDCWD, "/usr/share/locale-langpack/en.UTF-8/LC_MESSAGES/gcc-9.mo", O_RDONLY) = -1 ENOENT (No such file or directory)
openat(AT_FDCWD, "/usr/share/locale-langpack/en.utf8/LC_MESSAGES/gcc-9.mo", O_RDONLY) = -1 ENOENT (No such file or directory)
openat(AT_FDCWD, "/usr/share/locale-langpack/en/LC_MESSAGES/gcc-9.mo", O_RDONLY) = -1 ENOENT (No such file or directory)
ioctl(2, TCGETS, 0x7ffc3623d1e0)        = -1 ENOTTY (Inappropriate ioctl for device)
ioctl(2, TCGETS, 0x7ffc3623d1f0)        = -1 ENOTTY (Inappropriate ioctl for device)
rt_sigaction(SIGINT, {sa_handler=SIG_IGN, sa_mask=[INT], sa_flags=SA_RESTORER|SA_RESTART, sa_restorer=0x7f7e4ac91090}, {sa_handler=SIG_DFL, sa_mask=[], sa_flags=0}, 8) = 0
rt_sigaction(SIGINT, {sa_handler=0x40a830, sa_mask=[INT], sa_flags=SA_RESTORER|SA_RESTART, sa_restorer=0x7f7e4ac91090}, {sa_handler=SIG_IGN, sa_mask=[INT], sa_flags=SA_RESTORER|SA_RESTART, sa_restorer=0x7f7e4ac91090}, 8) = 0
rt_sigaction(SIGHUP, {sa_handler=SIG_IGN, sa_mask=[HUP], sa_flags=SA_RESTORER|SA_RESTART, sa_restorer=0x7f7e4ac91090}, {sa_handler=SIG_DFL, sa_mask=[], sa_flags=0}, 8) = 0
rt_sigaction(SIGHUP, {sa_handler=0x40a830, sa_mask=[HUP], sa_flags=SA_RESTORER|SA_RESTART, sa_restorer=0x7f7e4ac91090}, {sa_handler=SIG_IGN, sa_mask=[HUP], sa_flags=SA_RESTORER|SA_RESTART, sa_restorer=0x7f7e4ac91090}, 8) = 0
rt_sigaction(SIGTERM, {sa_handler=SIG_IGN, sa_mask=[TERM], sa_flags=SA_RESTORER|SA_RESTART, sa_restorer=0x7f7e4ac91090}, {sa_handler=SIG_DFL, sa_mask=[], sa_flags=0}, 8) = 0
rt_sigaction(SIGTERM, {sa_handler=0x40a830, sa_mask=[TERM], sa_flags=SA_RESTORER|SA_RESTART, sa_restorer=0x7f7e4ac91090}, {sa_handler=SIG_IGN, sa_mask=[TERM], sa_flags=SA_RESTORER|SA_RESTART, sa_restorer=0x7f7e4ac91090}, 8) = 0
rt_sigaction(SIGPIPE, {sa_handler=SIG_IGN, sa_mask=[PIPE], sa_flags=SA_RESTORER|SA_RESTART, sa_restorer=0x7f7e4ac91090}, {sa_handler=SIG_DFL, sa_mask=[], sa_flags=0}, 8) = 0
rt_sigaction(SIGPIPE, {sa_handler=0x40a830, sa_mask=[PIPE], sa_flags=SA_RESTORER|SA_RESTART, sa_restorer=0x7f7e4ac91090}, {sa_handler=SIG_IGN, sa_mask=[PIPE], sa_flags=SA_RESTORER|SA_RESTART, sa_restorer=0x7f7e4ac91090}, 8) = 0
rt_sigaction(SIGCHLD, {sa_handler=SIG_DFL, sa_mask=[CHLD], sa_flags=SA_RESTORER|SA_RESTART, sa_restorer=0x7f7e4ac91090}, {sa_handler=SIG_DFL, sa_mask=[], sa_flags=0}, 8) = 0
prlimit64(0, RLIMIT_STACK, NULL, {rlim_cur=8192*1024, rlim_max=RLIM64_INFINITY}) = 0
prlimit64(0, RLIMIT_STACK, {rlim_cur=65536*1024, rlim_max=RLIM64_INFINITY}, NULL) = 0
access("/usr/local/cuda-12.1/bin/gcc", X_OK) = -1 ENOENT (No such file or directory)
access("/home/inspur/nfs/wqy/.vscode-server/bin/abd2f3db4bdb28f9e95536dfa84d8479f1eb312d/bin/remote-cli/gcc", X_OK) = -1 ENOENT (No such file or directory)
access("/home/wqy/.local/bin/gcc", X_OK) = -1 ENOENT (No such file or directory)
access("/home/wqy/anaconda3/bin/gcc", X_OK) = -1 ENOENT (No such file or directory)
access("/home/wqy/anaconda3/condabin/gcc", X_OK) = -1 ENOENT (No such file or directory)
access("/usr/local/cuda-12.1/bin/gcc", X_OK) = -1 ENOENT (No such file or directory)
access("/usr/local/sbin/gcc", X_OK)     = -1 ENOENT (No such file or directory)
access("/usr/local/bin/gcc", X_OK)      = -1 ENOENT (No such file or directory)
access("/usr/sbin/gcc", X_OK)           = -1 ENOENT (No such file or directory)
access("/usr/bin/gcc", X_OK)            = 0
stat("/usr/bin/gcc", {st_mode=S_IFREG|0755, st_size=1158288, ...}) = 0
lstat("/usr", {st_mode=S_IFDIR|0755, st_size=4096, ...}) = 0
lstat("/usr/bin", {st_mode=S_IFDIR|0755, st_size=73728, ...}) = 0
lstat("/usr/bin/gcc", {st_mode=S_IFLNK|0777, st_size=5, ...}) = 0
readlink("/usr/bin/gcc", "gcc-9", 4095) = 5
lstat("/usr/bin/gcc-9", {st_mode=S_IFLNK|0777, st_size=22, ...}) = 0
readlink("/usr/bin/gcc-9", "x86_64-linux-gnu-gcc-9", 4095) = 22
lstat("/usr/bin/x86_64-linux-gnu-gcc-9", {st_mode=S_IFREG|0755, st_size=1158288, ...}) = 0
access("/usr/local/cuda-12.1/bin/gcc", X_OK) = -1 ENOENT (No such file or directory)
access("/home/inspur/nfs/wqy/.vscode-server/bin/abd2f3db4bdb28f9e95536dfa84d8479f1eb312d/bin/remote-cli/gcc", X_OK) = -1 ENOENT (No such file or directory)
access("/home/wqy/.local/bin/gcc", X_OK) = -1 ENOENT (No such file or directory)
access("/home/wqy/anaconda3/bin/gcc", X_OK) = -1 ENOENT (No such file or directory)
access("/home/wqy/anaconda3/condabin/gcc", X_OK) = -1 ENOENT (No such file or directory)
access("/usr/local/cuda-12.1/bin/gcc", X_OK) = -1 ENOENT (No such file or directory)
access("/usr/local/sbin/gcc", X_OK)     = -1 ENOENT (No such file or directory)
access("/usr/local/bin/gcc", X_OK)      = -1 ENOENT (No such file or directory)
access("/usr/sbin/gcc", X_OK)           = -1 ENOENT (No such file or directory)
access("/usr/bin/gcc", X_OK)            = 0
stat("/usr/bin/gcc", {st_mode=S_IFREG|0755, st_size=1158288, ...}) = 0
lstat("/usr", {st_mode=S_IFDIR|0755, st_size=4096, ...}) = 0
lstat("/usr/bin", {st_mode=S_IFDIR|0755, st_size=73728, ...}) = 0
lstat("/usr/bin/gcc", {st_mode=S_IFLNK|0777, st_size=5, ...}) = 0
readlink("/usr/bin/gcc", "gcc-9", 4095) = 5
lstat("/usr/bin/gcc-9", {st_mode=S_IFLNK|0777, st_size=22, ...}) = 0
readlink("/usr/bin/gcc-9", "x86_64-linux-gnu-gcc-9", 4095) = 22
lstat("/usr/bin/x86_64-linux-gnu-gcc-9", {st_mode=S_IFREG|0755, st_size=1158288, ...}) = 0
access("a.c", F_OK)                     = -1 ENOENT (No such file or directory)
openat(AT_FDCWD, "/usr/share/locale/en_US.UTF-8/LC_MESSAGES/libc.mo", O_RDONLY) = -1 ENOENT (No such file or directory)
openat(AT_FDCWD, "/usr/share/locale/en_US.utf8/LC_MESSAGES/libc.mo", O_RDONLY) = -1 ENOENT (No such file or directory)
openat(AT_FDCWD, "/usr/share/locale/en_US/LC_MESSAGES/libc.mo", O_RDONLY) = -1 ENOENT (No such file or directory)
openat(AT_FDCWD, "/usr/share/locale/en.UTF-8/LC_MESSAGES/libc.mo", O_RDONLY) = -1 ENOENT (No such file or directory)
openat(AT_FDCWD, "/usr/share/locale/en.utf8/LC_MESSAGES/libc.mo", O_RDONLY) = -1 ENOENT (No such file or directory)
openat(AT_FDCWD, "/usr/share/locale/en/LC_MESSAGES/libc.mo", O_RDONLY) = -1 ENOENT (No such file or directory)
openat(AT_FDCWD, "/usr/share/locale-langpack/en_US.UTF-8/LC_MESSAGES/libc.mo", O_RDONLY) = -1 ENOENT (No such file or directory)
openat(AT_FDCWD, "/usr/share/locale-langpack/en_US.utf8/LC_MESSAGES/libc.mo", O_RDONLY) = -1 ENOENT (No such file or directory)
openat(AT_FDCWD, "/usr/share/locale-langpack/en_US/LC_MESSAGES/libc.mo", O_RDONLY) = -1 ENOENT (No such file or directory)
openat(AT_FDCWD, "/usr/share/locale-langpack/en.UTF-8/LC_MESSAGES/libc.mo", O_RDONLY) = -1 ENOENT (No such file or directory)
openat(AT_FDCWD, "/usr/share/locale-langpack/en.utf8/LC_MESSAGES/libc.mo", O_RDONLY) = -1 ENOENT (No such file or directory)
openat(AT_FDCWD, "/usr/share/locale-langpack/en/LC_MESSAGES/libc.mo", O_RDONLY) = -1 ENOENT (No such file or directory)
write(2, "gcc: error: a.c: No such file or"..., 43gcc: error: a.c: No such file or directory
) = 43
access("/usr/lib/gcc/x86_64-linux-gnu/9/", X_OK) = 0
access("/usr/lib/gcc/x86_64-linux-gnu/9/", X_OK) = 0
access("/usr/lib/gcc/x86_64-linux-gnu/9/specs", R_OK) = -1 ENOENT (No such file or directory)
access("/usr/lib/gcc/x86_64-linux-gnu/9/../../../../x86_64-linux-gnu/lib/x86_64-linux-gnu/9/specs", R_OK) = -1 ENOENT (No such file or directory)
access("/usr/lib/gcc/x86_64-linux-gnu/9/../../../../x86_64-linux-gnu/lib/specs", R_OK) = -1 ENOENT (No such file or directory)
access("/usr/lib/gcc/x86_64-linux-gnu/specs", R_OK) = -1 ENOENT (No such file or directory)
access("/usr/lib/gcc/x86_64-linux-gnu/9/", X_OK) = 0
stat("/usr/lib/gcc/x86_64-linux-gnu/9/lto-wrapper", {st_mode=S_IFREG|0755, st_size=1036840, ...}) = 0
access("/usr/lib/gcc/x86_64-linux-gnu/9/lto-wrapper", X_OK) = 0
write(2, "gcc: fatal error: no input files"..., 33gcc: fatal error: no input files
) = 33
write(2, "compilation terminated.\n", 24compilation terminated.
) = 24
exit_group(1)                           = ?
+++ exited with 1 +++
