execve("/usr/bin/gcc", ["gcc", "-E", "a.c"], 0x7ffe6a17cf40 /* 52 vars */) = 0
brk(NULL)                               = 0x1ed5000
arch_prctl(0x3001 /* ARCH_??? */, 0x7ffc49e38570) = -1 EINVAL (Invalid argument)
mmap(NULL, 8192, PROT_READ|PROT_WRITE, MAP_PRIVATE|MAP_ANONYMOUS, -1, 0) = 0x7fcf44b8d000
stat("/usr/local/cuda-12.1/lib64", {st_mode=S_IFDIR|0755, st_size=12288, ...}) = 0
openat(AT_FDCWD, "/etc/ld.so.cache", O_RDONLY|O_CLOEXEC) = 3
fstat(3, {st_mode=S_IFREG|0644, st_size=132719, ...}) = 0
mmap(NULL, 132719, PROT_READ, MAP_PRIVATE, 3, 0) = 0x7fcf44b6c000
close(3)                                = 0
openat(AT_FDCWD, "/lib/x86_64-linux-gnu/libc.so.6", O_RDONLY|O_CLOEXEC) = 3
read(3, "\177ELF\2\1\1\3\0\0\0\0\0\0\0\0\3\0>\0\1\0\0\0\300A\2\0\0\0\0\0"..., 832) = 832
pread64(3, "\6\0\0\0\4\0\0\0@\0\0\0\0\0\0\0@\0\0\0\0\0\0\0@\0\0\0\0\0\0\0"..., 784, 64) = 784
pread64(3, "\4\0\0\0\20\0\0\0\5\0\0\0GNU\0\2\0\0\300\4\0\0\0\3\0\0\0\0\0\0\0", 32, 848) = 32
pread64(3, "\4\0\0\0\24\0\0\0\3\0\0\0GNU\0\30x\346\264ur\f|Q\226\236i\253-'o"..., 68, 880) = 68
fstat(3, {st_mode=S_IFREG|0755, st_size=2029592, ...}) = 0
pread64(3, "\6\0\0\0\4\0\0\0@\0\0\0\0\0\0\0@\0\0\0\0\0\0\0@\0\0\0\0\0\0\0"..., 784, 64) = 784
pread64(3, "\4\0\0\0\20\0\0\0\5\0\0\0GNU\0\2\0\0\300\4\0\0\0\3\0\0\0\0\0\0\0", 32, 848) = 32
pread64(3, "\4\0\0\0\24\0\0\0\3\0\0\0GNU\0\30x\346\264ur\f|Q\226\236i\253-'o"..., 68, 880) = 68
mmap(NULL, 2037344, PROT_READ, MAP_PRIVATE|MAP_DENYWRITE, 3, 0) = 0x7fcf4497a000
mmap(0x7fcf4499c000, 1540096, PROT_READ|PROT_EXEC, MAP_PRIVATE|MAP_FIXED|MAP_DENYWRITE, 3, 0x22000) = 0x7fcf4499c000
mmap(0x7fcf44b14000, 319488, PROT_READ, MAP_PRIVATE|MAP_FIXED|MAP_DENYWRITE, 3, 0x19a000) = 0x7fcf44b14000
mmap(0x7fcf44b62000, 24576, PROT_READ|PROT_WRITE, MAP_PRIVATE|MAP_FIXED|MAP_DENYWRITE, 3, 0x1e7000) = 0x7fcf44b62000
mmap(0x7fcf44b68000, 13920, PROT_READ|PROT_WRITE, MAP_PRIVATE|MAP_FIXED|MAP_ANONYMOUS, -1, 0) = 0x7fcf44b68000
close(3)                                = 0
mmap(NULL, 12288, PROT_READ|PROT_WRITE, MAP_PRIVATE|MAP_ANONYMOUS, -1, 0) = 0x7fcf44977000
arch_prctl(ARCH_SET_FS, 0x7fcf44977740) = 0
mprotect(0x7fcf44b62000, 16384, PROT_READ) = 0
mprotect(0x517000, 12288, PROT_READ)    = 0
mprotect(0x7fcf44bbc000, 4096, PROT_READ) = 0
munmap(0x7fcf44b6c000, 132719)          = 0
brk(NULL)                               = 0x1ed5000
brk(0x1ef6000)                          = 0x1ef6000
ioctl(2, TCGETS, 0x7ffc49e383b0)        = -1 ENOTTY (Inappropriate ioctl for device)
brk(0x1f1c000)                          = 0x1f1c000
openat(AT_FDCWD, "/usr/lib/locale/locale-archive", O_RDONLY|O_CLOEXEC) = 3
fstat(3, {st_mode=S_IFREG|0644, st_size=3035952, ...}) = 0
mmap(NULL, 3035952, PROT_READ, MAP_PRIVATE, 3, 0) = 0x7fcf44691000
close(3)                                = 0
openat(AT_FDCWD, "/usr/share/locale/locale.alias", O_RDONLY|O_CLOEXEC) = 3
fstat(3, {st_mode=S_IFREG|0644, st_size=2996, ...}) = 0
read(3, "# Locale name alias data base.\n#"..., 4096) = 2996
read(3, "", 4096)                       = 0
close(3)                                = 0
ioctl(2, TCGETS, 0x7ffc49e383f0)        = -1 ENOTTY (Inappropriate ioctl for device)
ioctl(2, TCGETS, 0x7ffc49e38400)        = -1 ENOTTY (Inappropriate ioctl for device)
rt_sigaction(SIGINT, {sa_handler=SIG_IGN, sa_mask=[INT], sa_flags=SA_RESTORER|SA_RESTART, sa_restorer=0x7fcf449bd090}, {sa_handler=SIG_DFL, sa_mask=[], sa_flags=0}, 8) = 0
rt_sigaction(SIGINT, {sa_handler=0x40a830, sa_mask=[INT], sa_flags=SA_RESTORER|SA_RESTART, sa_restorer=0x7fcf449bd090}, {sa_handler=SIG_IGN, sa_mask=[INT], sa_flags=SA_RESTORER|SA_RESTART, sa_restorer=0x7fcf449bd090}, 8) = 0
rt_sigaction(SIGHUP, {sa_handler=SIG_IGN, sa_mask=[HUP], sa_flags=SA_RESTORER|SA_RESTART, sa_restorer=0x7fcf449bd090}, {sa_handler=SIG_DFL, sa_mask=[], sa_flags=0}, 8) = 0
rt_sigaction(SIGHUP, {sa_handler=0x40a830, sa_mask=[HUP], sa_flags=SA_RESTORER|SA_RESTART, sa_restorer=0x7fcf449bd090}, {sa_handler=SIG_IGN, sa_mask=[HUP], sa_flags=SA_RESTORER|SA_RESTART, sa_restorer=0x7fcf449bd090}, 8) = 0
rt_sigaction(SIGTERM, {sa_handler=SIG_IGN, sa_mask=[TERM], sa_flags=SA_RESTORER|SA_RESTART, sa_restorer=0x7fcf449bd090}, {sa_handler=SIG_DFL, sa_mask=[], sa_flags=0}, 8) = 0
rt_sigaction(SIGTERM, {sa_handler=0x40a830, sa_mask=[TERM], sa_flags=SA_RESTORER|SA_RESTART, sa_restorer=0x7fcf449bd090}, {sa_handler=SIG_IGN, sa_mask=[TERM], sa_flags=SA_RESTORER|SA_RESTART, sa_restorer=0x7fcf449bd090}, 8) = 0
rt_sigaction(SIGPIPE, {sa_handler=SIG_IGN, sa_mask=[PIPE], sa_flags=SA_RESTORER|SA_RESTART, sa_restorer=0x7fcf449bd090}, {sa_handler=SIG_DFL, sa_mask=[], sa_flags=0}, 8) = 0
rt_sigaction(SIGPIPE, {sa_handler=0x40a830, sa_mask=[PIPE], sa_flags=SA_RESTORER|SA_RESTART, sa_restorer=0x7fcf449bd090}, {sa_handler=SIG_IGN, sa_mask=[PIPE], sa_flags=SA_RESTORER|SA_RESTART, sa_restorer=0x7fcf449bd090}, 8) = 0
rt_sigaction(SIGCHLD, {sa_handler=SIG_DFL, sa_mask=[CHLD], sa_flags=SA_RESTORER|SA_RESTART, sa_restorer=0x7fcf449bd090}, {sa_handler=SIG_DFL, sa_mask=[], sa_flags=0}, 8) = 0
prlimit64(0, RLIMIT_STACK, NULL, {rlim_cur=8192*1024, rlim_max=RLIM64_INFINITY}) = 0
prlimit64(0, RLIMIT_STACK, {rlim_cur=65536*1024, rlim_max=RLIM64_INFINITY}, NULL) = 0
access("/usr/bin/gcc", X_OK)            = 0
stat("/usr/bin/gcc", {st_mode=S_IFREG|0755, st_size=1158288, ...}) = 0
lstat("/usr", {st_mode=S_IFDIR|0755, st_size=4096, ...}) = 0
lstat("/usr/bin", {st_mode=S_IFDIR|0755, st_size=73728, ...}) = 0
lstat("/usr/bin/gcc", {st_mode=S_IFLNK|0777, st_size=5, ...}) = 0
readlink("/usr/bin/gcc", "gcc-9", 4095) = 5
lstat("/usr/bin/gcc-9", {st_mode=S_IFLNK|0777, st_size=22, ...}) = 0
readlink("/usr/bin/gcc-9", "x86_64-linux-gnu-gcc-9", 4095) = 22
lstat("/usr/bin/x86_64-linux-gnu-gcc-9", {st_mode=S_IFREG|0755, st_size=1158288, ...}) = 0
access("/usr/bin/gcc", X_OK)            = 0
stat("/usr/bin/gcc", {st_mode=S_IFREG|0755, st_size=1158288, ...}) = 0
lstat("/usr", {st_mode=S_IFDIR|0755, st_size=4096, ...}) = 0
lstat("/usr/bin", {st_mode=S_IFDIR|0755, st_size=73728, ...}) = 0
lstat("/usr/bin/gcc", {st_mode=S_IFLNK|0777, st_size=5, ...}) = 0
readlink("/usr/bin/gcc", "gcc-9", 4095) = 5
lstat("/usr/bin/gcc-9", {st_mode=S_IFLNK|0777, st_size=22, ...}) = 0
readlink("/usr/bin/gcc-9", "x86_64-linux-gnu-gcc-9", 4095) = 22
lstat("/usr/bin/x86_64-linux-gnu-gcc-9", {st_mode=S_IFREG|0755, st_size=1158288, ...}) = 0
access("a.c", F_OK)                     = 0
access("/usr/lib/gcc/x86_64-linux-gnu/9/", X_OK) = 0
access("/usr/lib/gcc/x86_64-linux-gnu/9/", X_OK) = 0
access("/usr/lib/gcc/x86_64-linux-gnu/9/", X_OK) = 0
stat("/usr/lib/gcc/x86_64-linux-gnu/9/cc1", {st_mode=S_IFREG|0755, st_size=25675096, ...}) = 0
access("/usr/lib/gcc/x86_64-linux-gnu/9/cc1", X_OK) = 0
pipe2([3, 4], O_CLOEXEC)                = 0
vfork()                                 = 3767337
close(4)                                = 0
read(3, "", 16)                         = 0
close(3)                                = 0
wait4(3767337, [{WIFEXITED(s) && WEXITSTATUS(s) == 0}], 0, NULL) = 3767337
--- SIGCHLD {si_signo=SIGCHLD, si_code=CLD_EXITED, si_pid=3767337, si_uid=1005, si_status=0, si_utime=1, si_stime=0} ---
stat("/usr/lib/gcc/x86_64-linux-gnu/9/.", {st_mode=S_IFDIR|0755, st_size=4096, ...}) = 0
stat("/usr/lib/gcc/x86_64-linux-gnu/9/.", {st_mode=S_IFDIR|0755, st_size=4096, ...}) = 0
stat("/usr/lib/gcc/x86_64-linux-gnu/.", {st_mode=S_IFDIR|0755, st_size=4096, ...}) = 0
stat("/usr/lib/gcc/x86_64-linux-gnu/9/.", {st_mode=S_IFDIR|0755, st_size=4096, ...}) = 0
stat("/usr/lib/gcc/x86_64-linux-gnu/.", {st_mode=S_IFDIR|0755, st_size=4096, ...}) = 0
stat("/usr/lib/gcc/x86_64-linux-gnu/9/.", {st_mode=S_IFDIR|0755, st_size=4096, ...}) = 0
stat("/usr/lib/gcc/x86_64-linux-gnu/9/../../../x86_64-linux-gnu/.", {st_mode=S_IFDIR|0755, st_size=118784, ...}) = 0
stat("/usr/lib/gcc/x86_64-linux-gnu/9/../../../../lib/.", {st_mode=S_IFDIR|0755, st_size=12288, ...}) = 0
stat("/lib/x86_64-linux-gnu/.", {st_mode=S_IFDIR|0755, st_size=118784, ...}) = 0
stat("/lib/../lib/.", {st_mode=S_IFDIR|0755, st_size=12288, ...}) = 0
stat("/usr/lib/x86_64-linux-gnu/.", {st_mode=S_IFDIR|0755, st_size=118784, ...}) = 0
stat("/usr/lib/../lib/.", {st_mode=S_IFDIR|0755, st_size=12288, ...}) = 0
stat("/usr/lib/gcc/x86_64-linux-gnu/9/../../../.", {st_mode=S_IFDIR|0755, st_size=12288, ...}) = 0
stat("/lib/.", {st_mode=S_IFDIR|0755, st_size=12288, ...}) = 0
stat("/usr/lib/.", {st_mode=S_IFDIR|0755, st_size=12288, ...}) = 0
exit_group(0)                           = ?
+++ exited with 0 +++
