
a.out:     file format elf64-x86-64


Disassembly of section .init:

0000000000001000 <_init>:
    1000:	f3 0f 1e fa          	endbr64 
    1004:	48 83 ec 08          	sub    $0x8,%rsp
    1008:	48 8b 05 d9 2f 00 00 	mov    0x2fd9(%rip),%rax        # 3fe8 <__gmon_start__>
    100f:	48 85 c0             	test   %rax,%rax
    1012:	74 02                	je     1016 <_init+0x16>
    1014:	ff d0                	callq  *%rax
    1016:	48 83 c4 08          	add    $0x8,%rsp
    101a:	c3                   	retq   

Disassembly of section .plt:

0000000000001020 <.plt>:
    1020:	ff 35 72 2f 00 00    	pushq  0x2f72(%rip)        # 3f98 <_GLOBAL_OFFSET_TABLE_+0x8>
    1026:	f2 ff 25 73 2f 00 00 	bnd jmpq *0x2f73(%rip)        # 3fa0 <_GLOBAL_OFFSET_TABLE_+0x10>
    102d:	0f 1f 00             	nopl   (%rax)
    1030:	f3 0f 1e fa          	endbr64 
    1034:	68 00 00 00 00       	pushq  $0x0
    1039:	f2 e9 e1 ff ff ff    	bnd jmpq 1020 <.plt>
    103f:	90                   	nop
    1040:	f3 0f 1e fa          	endbr64 
    1044:	68 01 00 00 00       	pushq  $0x1
    1049:	f2 e9 d1 ff ff ff    	bnd jmpq 1020 <.plt>
    104f:	90                   	nop
    1050:	f3 0f 1e fa          	endbr64 
    1054:	68 02 00 00 00       	pushq  $0x2
    1059:	f2 e9 c1 ff ff ff    	bnd jmpq 1020 <.plt>
    105f:	90                   	nop
    1060:	f3 0f 1e fa          	endbr64 
    1064:	68 03 00 00 00       	pushq  $0x3
    1069:	f2 e9 b1 ff ff ff    	bnd jmpq 1020 <.plt>
    106f:	90                   	nop

Disassembly of section .plt.got:

0000000000001070 <__cxa_finalize@plt>:
    1070:	f3 0f 1e fa          	endbr64 
    1074:	f2 ff 25 4d 2f 00 00 	bnd jmpq *0x2f4d(%rip)        # 3fc8 <__cxa_finalize@GLIBC_2.2.5>
    107b:	0f 1f 44 00 00       	nopl   0x0(%rax,%rax,1)

Disassembly of section .plt.sec:

0000000000001080 <__cxa_atexit@plt>:
    1080:	f3 0f 1e fa          	endbr64 
    1084:	f2 ff 25 1d 2f 00 00 	bnd jmpq *0x2f1d(%rip)        # 3fa8 <__cxa_atexit@GLIBC_2.2.5>
    108b:	0f 1f 44 00 00       	nopl   0x0(%rax,%rax,1)

0000000000001090 <_ZNSolsEPFRSoS_E@plt>:
    1090:	f3 0f 1e fa          	endbr64 
    1094:	f2 ff 25 15 2f 00 00 	bnd jmpq *0x2f15(%rip)        # 3fb0 <_ZNSolsEPFRSoS_E@GLIBCXX_3.4>
    109b:	0f 1f 44 00 00       	nopl   0x0(%rax,%rax,1)

00000000000010a0 <_ZNSt8ios_base4InitC1Ev@plt>:
    10a0:	f3 0f 1e fa          	endbr64 
    10a4:	f2 ff 25 0d 2f 00 00 	bnd jmpq *0x2f0d(%rip)        # 3fb8 <_ZNSt8ios_base4InitC1Ev@GLIBCXX_3.4>
    10ab:	0f 1f 44 00 00       	nopl   0x0(%rax,%rax,1)

00000000000010b0 <_ZNSolsEi@plt>:
    10b0:	f3 0f 1e fa          	endbr64 
    10b4:	f2 ff 25 05 2f 00 00 	bnd jmpq *0x2f05(%rip)        # 3fc0 <_ZNSolsEi@GLIBCXX_3.4>
    10bb:	0f 1f 44 00 00       	nopl   0x0(%rax,%rax,1)

Disassembly of section .text:

00000000000010c0 <_start>:
    10c0:	f3 0f 1e fa          	endbr64 
    10c4:	31 ed                	xor    %ebp,%ebp
    10c6:	49 89 d1             	mov    %rdx,%r9
    10c9:	5e                   	pop    %rsi
    10ca:	48 89 e2             	mov    %rsp,%rdx
    10cd:	48 83 e4 f0          	and    $0xfffffffffffffff0,%rsp
    10d1:	50                   	push   %rax
    10d2:	54                   	push   %rsp
    10d3:	4c 8d 05 76 02 00 00 	lea    0x276(%rip),%r8        # 1350 <__libc_csu_fini>
    10da:	48 8d 0d ff 01 00 00 	lea    0x1ff(%rip),%rcx        # 12e0 <__libc_csu_init>
    10e1:	48 8d 3d 45 01 00 00 	lea    0x145(%rip),%rdi        # 122d <main>
    10e8:	ff 15 f2 2e 00 00    	callq  *0x2ef2(%rip)        # 3fe0 <__libc_start_main@GLIBC_2.2.5>
    10ee:	f4                   	hlt    
    10ef:	90                   	nop

00000000000010f0 <deregister_tm_clones>:
    10f0:	48 8d 3d 19 2f 00 00 	lea    0x2f19(%rip),%rdi        # 4010 <__TMC_END__>
    10f7:	48 8d 05 12 2f 00 00 	lea    0x2f12(%rip),%rax        # 4010 <__TMC_END__>
    10fe:	48 39 f8             	cmp    %rdi,%rax
    1101:	74 15                	je     1118 <deregister_tm_clones+0x28>
    1103:	48 8b 05 ce 2e 00 00 	mov    0x2ece(%rip),%rax        # 3fd8 <_ITM_deregisterTMCloneTable>
    110a:	48 85 c0             	test   %rax,%rax
    110d:	74 09                	je     1118 <deregister_tm_clones+0x28>
    110f:	ff e0                	jmpq   *%rax
    1111:	0f 1f 80 00 00 00 00 	nopl   0x0(%rax)
    1118:	c3                   	retq   
    1119:	0f 1f 80 00 00 00 00 	nopl   0x0(%rax)

0000000000001120 <register_tm_clones>:
    1120:	48 8d 3d e9 2e 00 00 	lea    0x2ee9(%rip),%rdi        # 4010 <__TMC_END__>
    1127:	48 8d 35 e2 2e 00 00 	lea    0x2ee2(%rip),%rsi        # 4010 <__TMC_END__>
    112e:	48 29 fe             	sub    %rdi,%rsi
    1131:	48 89 f0             	mov    %rsi,%rax
    1134:	48 c1 ee 3f          	shr    $0x3f,%rsi
    1138:	48 c1 f8 03          	sar    $0x3,%rax
    113c:	48 01 c6             	add    %rax,%rsi
    113f:	48 d1 fe             	sar    %rsi
    1142:	74 14                	je     1158 <register_tm_clones+0x38>
    1144:	48 8b 05 a5 2e 00 00 	mov    0x2ea5(%rip),%rax        # 3ff0 <_ITM_registerTMCloneTable>
    114b:	48 85 c0             	test   %rax,%rax
    114e:	74 08                	je     1158 <register_tm_clones+0x38>
    1150:	ff e0                	jmpq   *%rax
    1152:	66 0f 1f 44 00 00    	nopw   0x0(%rax,%rax,1)
    1158:	c3                   	retq   
    1159:	0f 1f 80 00 00 00 00 	nopl   0x0(%rax)

0000000000001160 <__do_global_dtors_aux>:
    1160:	f3 0f 1e fa          	endbr64 
    1164:	80 3d e5 2f 00 00 00 	cmpb   $0x0,0x2fe5(%rip)        # 4150 <completed.8061>
    116b:	75 2b                	jne    1198 <__do_global_dtors_aux+0x38>
    116d:	55                   	push   %rbp
    116e:	48 83 3d 52 2e 00 00 	cmpq   $0x0,0x2e52(%rip)        # 3fc8 <__cxa_finalize@GLIBC_2.2.5>
    1175:	00 
    1176:	48 89 e5             	mov    %rsp,%rbp
    1179:	74 0c                	je     1187 <__do_global_dtors_aux+0x27>
    117b:	48 8b 3d 86 2e 00 00 	mov    0x2e86(%rip),%rdi        # 4008 <__dso_handle>
    1182:	e8 e9 fe ff ff       	callq  1070 <__cxa_finalize@plt>
    1187:	e8 64 ff ff ff       	callq  10f0 <deregister_tm_clones>
    118c:	c6 05 bd 2f 00 00 01 	movb   $0x1,0x2fbd(%rip)        # 4150 <completed.8061>
    1193:	5d                   	pop    %rbp
    1194:	c3                   	retq   
    1195:	0f 1f 00             	nopl   (%rax)
    1198:	c3                   	retq   
    1199:	0f 1f 80 00 00 00 00 	nopl   0x0(%rax)

00000000000011a0 <frame_dummy>:
    11a0:	f3 0f 1e fa          	endbr64 
    11a4:	e9 77 ff ff ff       	jmpq   1120 <register_tm_clones>

00000000000011a9 <_Z1fi>:
    11a9:	f3 0f 1e fa          	endbr64 
    11ad:	55                   	push   %rbp
    11ae:	48 89 e5             	mov    %rsp,%rbp
    11b1:	53                   	push   %rbx
    11b2:	48 83 ec 18          	sub    $0x18,%rsp
    11b6:	89 7d ec             	mov    %edi,-0x14(%rbp)
    11b9:	83 7d ec 01          	cmpl   $0x1,-0x14(%rbp)
    11bd:	7f 07                	jg     11c6 <_Z1fi+0x1d>
    11bf:	b8 01 00 00 00       	mov    $0x1,%eax
    11c4:	eb 1e                	jmp    11e4 <_Z1fi+0x3b>
    11c6:	8b 45 ec             	mov    -0x14(%rbp),%eax
    11c9:	83 e8 01             	sub    $0x1,%eax
    11cc:	89 c7                	mov    %eax,%edi
    11ce:	e8 d6 ff ff ff       	callq  11a9 <_Z1fi>
    11d3:	89 c3                	mov    %eax,%ebx
    11d5:	8b 45 ec             	mov    -0x14(%rbp),%eax
    11d8:	83 e8 02             	sub    $0x2,%eax
    11db:	89 c7                	mov    %eax,%edi
    11dd:	e8 09 00 00 00       	callq  11eb <_Z1gi>
    11e2:	01 d8                	add    %ebx,%eax
    11e4:	48 83 c4 18          	add    $0x18,%rsp
    11e8:	5b                   	pop    %rbx
    11e9:	5d                   	pop    %rbp
    11ea:	c3                   	retq   

00000000000011eb <_Z1gi>:
    11eb:	f3 0f 1e fa          	endbr64 
    11ef:	55                   	push   %rbp
    11f0:	48 89 e5             	mov    %rsp,%rbp
    11f3:	53                   	push   %rbx
    11f4:	48 83 ec 18          	sub    $0x18,%rsp
    11f8:	89 7d ec             	mov    %edi,-0x14(%rbp)
    11fb:	83 7d ec 01          	cmpl   $0x1,-0x14(%rbp)
    11ff:	7f 07                	jg     1208 <_Z1gi+0x1d>
    1201:	b8 01 00 00 00       	mov    $0x1,%eax
    1206:	eb 1e                	jmp    1226 <_Z1gi+0x3b>
    1208:	8b 45 ec             	mov    -0x14(%rbp),%eax
    120b:	83 c0 01             	add    $0x1,%eax
    120e:	89 c7                	mov    %eax,%edi
    1210:	e8 94 ff ff ff       	callq  11a9 <_Z1fi>
    1215:	89 c3                	mov    %eax,%ebx
    1217:	8b 45 ec             	mov    -0x14(%rbp),%eax
    121a:	83 e8 01             	sub    $0x1,%eax
    121d:	89 c7                	mov    %eax,%edi
    121f:	e8 c7 ff ff ff       	callq  11eb <_Z1gi>
    1224:	01 d8                	add    %ebx,%eax
    1226:	48 83 c4 18          	add    $0x18,%rsp
    122a:	5b                   	pop    %rbx
    122b:	5d                   	pop    %rbp
    122c:	c3                   	retq   

000000000000122d <main>:
    122d:	f3 0f 1e fa          	endbr64 
    1231:	55                   	push   %rbp
    1232:	48 89 e5             	mov    %rsp,%rbp
    1235:	48 83 ec 10          	sub    $0x10,%rsp
    1239:	c7 45 fc 07 00 00 00 	movl   $0x7,-0x4(%rbp)
    1240:	8b 45 fc             	mov    -0x4(%rbp),%eax
    1243:	89 c7                	mov    %eax,%edi
    1245:	e8 5f ff ff ff       	callq  11a9 <_Z1fi>
    124a:	89 c6                	mov    %eax,%esi
    124c:	48 8d 3d ed 2d 00 00 	lea    0x2ded(%rip),%rdi        # 4040 <_ZSt4cout@@GLIBCXX_3.4>
    1253:	e8 58 fe ff ff       	callq  10b0 <_ZNSolsEi@plt>
    1258:	48 89 c2             	mov    %rax,%rdx
    125b:	48 8b 05 6e 2d 00 00 	mov    0x2d6e(%rip),%rax        # 3fd0 <_ZSt4endlIcSt11char_traitsIcEERSt13basic_ostreamIT_T0_ES6_@GLIBCXX_3.4>
    1262:	48 89 c6             	mov    %rax,%rsi
    1265:	48 89 d7             	mov    %rdx,%rdi
    1268:	e8 23 fe ff ff       	callq  1090 <_ZNSolsEPFRSoS_E@plt>
    126d:	b8 00 00 00 00       	mov    $0x0,%eax
    1272:	c9                   	leaveq 
    1273:	c3                   	retq   

0000000000001274 <_Z41__static_initialization_and_destruction_0ii>:
    1274:	f3 0f 1e fa          	endbr64 
    1278:	55                   	push   %rbp
    1279:	48 89 e5             	mov    %rsp,%rbp
    127c:	48 83 ec 10          	sub    $0x10,%rsp
    1280:	89 7d fc             	mov    %edi,-0x4(%rbp)
    1283:	89 75 f8             	mov    %esi,-0x8(%rbp)
    1286:	83 7d fc 01          	cmpl   $0x1,-0x4(%rbp)
    128a:	75 32                	jne    12be <_Z41__static_initialization_and_destruction_0ii+0x4a>
    128c:	81 7d f8 ff ff 00 00 	cmpl   $0xffff,-0x8(%rbp)
    1293:	75 29                	jne    12be <_Z41__static_initialization_and_destruction_0ii+0x4a>
    1295:	48 8d 3d b5 2e 00 00 	lea    0x2eb5(%rip),%rdi        # 4151 <_ZStL8__ioinit>
    129c:	e8 ff fd ff ff       	callq  10a0 <_ZNSt8ios_base4InitC1Ev@plt>
    12a1:	48 8d 15 60 2d 00 00 	lea    0x2d60(%rip),%rdx        # 4008 <__dso_handle>
    12a8:	48 8d 35 a2 2e 00 00 	lea    0x2ea2(%rip),%rsi        # 4151 <_ZStL8__ioinit>
    12af:	48 8b 05 42 2d 00 00 	mov    0x2d42(%rip),%rax        # 3ff8 <_ZNSt8ios_base4InitD1Ev@GLIBCXX_3.4>
    12b6:	48 89 c7             	mov    %rax,%rdi
    12b9:	e8 c2 fd ff ff       	callq  1080 <__cxa_atexit@plt>
    12be:	90                   	nop
    12bf:	c9                   	leaveq 
    12c0:	c3                   	retq   

00000000000012c1 <_GLOBAL__sub_I__Z1fi>:
    12c1:	f3 0f 1e fa          	endbr64 
    12c5:	55                   	push   %rbp
    12c6:	48 89 e5             	mov    %rsp,%rbp
    12c9:	be ff ff 00 00       	mov    $0xffff,%esi
    12ce:	bf 01 00 00 00       	mov    $0x1,%edi
    12d3:	e8 9c ff ff ff       	callq  1274 <_Z41__static_initialization_and_destruction_0ii>
    12d8:	5d                   	pop    %rbp
    12d9:	c3                   	retq   
    12da:	66 0f 1f 44 00 00    	nopw   0x0(%rax,%rax,1)

00000000000012e0 <__libc_csu_init>:
    12e0:	f3 0f 1e fa          	endbr64 
    12e4:	41 57                	push   %r15
    12e6:	4c 8d 3d 8b 2a 00 00 	lea    0x2a8b(%rip),%r15        # 3d78 <__frame_dummy_init_array_entry>
    12ed:	41 56                	push   %r14
    12ef:	49 89 d6             	mov    %rdx,%r14
    12f2:	41 55                	push   %r13
    12f4:	49 89 f5             	mov    %rsi,%r13
    12f7:	41 54                	push   %r12
    12f9:	41 89 fc             	mov    %edi,%r12d
    12fc:	55                   	push   %rbp
    12fd:	48 8d 2d 84 2a 00 00 	lea    0x2a84(%rip),%rbp        # 3d88 <__do_global_dtors_aux_fini_array_entry>
    1304:	53                   	push   %rbx
    1305:	4c 29 fd             	sub    %r15,%rbp
    1308:	48 83 ec 08          	sub    $0x8,%rsp
    130c:	e8 ef fc ff ff       	callq  1000 <_init>
    1311:	48 c1 fd 03          	sar    $0x3,%rbp
    1315:	74 1f                	je     1336 <__libc_csu_init+0x56>
    1317:	31 db                	xor    %ebx,%ebx
    1319:	0f 1f 80 00 00 00 00 	nopl   0x0(%rax)
    1320:	4c 89 f2             	mov    %r14,%rdx
    1323:	4c 89 ee             	mov    %r13,%rsi
    1326:	44 89 e7             	mov    %r12d,%edi
    1329:	41 ff 14 df          	callq  *(%r15,%rbx,8)
    132d:	48 83 c3 01          	add    $0x1,%rbx
    1331:	48 39 dd             	cmp    %rbx,%rbp
    1334:	75 ea                	jne    1320 <__libc_csu_init+0x40>
    1336:	48 83 c4 08          	add    $0x8,%rsp
    133a:	5b                   	pop    %rbx
    133b:	5d                   	pop    %rbp
    133c:	41 5c                	pop    %r12
    133e:	41 5d                	pop    %r13
    1340:	41 5e                	pop    %r14
    1342:	41 5f                	pop    %r15
    1344:	c3                   	retq   
    1345:	66 66 2e 0f 1f 84 00 	data16 nopw %cs:0x0(%rax,%rax,1)
    134c:	00 00 00 00 

0000000000001350 <__libc_csu_fini>:
    1350:	f3 0f 1e fa          	endbr64 
    1354:	c3                   	retq   

Disassembly of section .fini:

0000000000001358 <_fini>:
    1358:	f3 0f 1e fa          	endbr64 
    135c:	48 83 ec 08          	sub    $0x8,%rsp
    1360:	48 83 c4 08          	add    $0x8,%rsp
    1364:	c3                   	retq   
